<?xml version="1.0" encoding="UTF-8"?>
<!-- Generated by org.testng.reporters.JUnitXMLReporter -->
<testsuite hostname="DesWin07-0139" ignored="0" name="Win7Chrome" tests="2" failures="0" timestamp="24 Jul 2017 05:51:51 GMT" time="0.128" errors="0">
  <testcase name="@BeforeMethod openApp" time="0.0" classname="generics.baseTest">
    <failure type="org.testng.TestNGException" message="
Can inject only one of &amp;lt;ITestContext, XmlTest, Method, Object[]&amp;gt; into a BeforeMethod annotated openApp.
For more information on native dependency injection please refer to http://testng.org/doc/documentation-main.html#native-dependency-injection">
      <![CDATA[org.testng.TestNGException: 
Can inject only one of <ITestContext, XmlTest, Method, Object[]> into a BeforeMethod annotated openApp.
For more information on native dependency injection please refer to http://testng.org/doc/documentation-main.html#native-dependency-injection
... Removed 25 stack frames]]>
    </failure>
  </testcase> <!-- @BeforeMethod openApp -->
  <testcase name="@BeforeMethod openApp" time="0.0" classname="generics.baseTest">
    <failure type="org.testng.TestNGException" message="
Can inject only one of &amp;lt;ITestContext, XmlTest, Method, Object[]&amp;gt; into a BeforeMethod annotated openApp.
For more information on native dependency injection please refer to http://testng.org/doc/documentation-main.html#native-dependency-injection">
      <![CDATA[org.testng.TestNGException: 
Can inject only one of <ITestContext, XmlTest, Method, Object[]> into a BeforeMethod annotated openApp.
For more information on native dependency injection please refer to http://testng.org/doc/documentation-main.html#native-dependency-injection
... Removed 25 stack frames]]>
    </failure>
  </testcase> <!-- @BeforeMethod openApp -->
  <testcase name="testLogin" time="0.025" classname="com.nimr.tests.Test1">
    <skipped/>
  </testcase> <!-- testLogin -->
  <testcase name="testIvalid" time="0.0" classname="com.nimr.tests.Test1">
    <skipped/>
  </testcase> <!-- testIvalid -->
</testsuite> <!-- Win7Chrome -->
